2022-02-04 21:46:57,978 INFO com.meme.dronesMS.DronesMsApplication [main] Starting DronesMsApplication on Admin-PC with PID 9184 (started by Admin in D:\2022\Interview Tasks\dronesMS)
2022-02-04 21:46:57,983 INFO com.meme.dronesMS.DronesMsApplication [main] No active profile set, falling back to default profiles: default
2022-02-04 21:47:02,385 INFO org.apache.catalina.core.StandardService [main] Starting service Tomcat
2022-02-04 21:47:02,387 INFO org.apache.catalina.core.StandardEngine [main] Starting Servlet Engine: Apache Tomcat/8.5.6
2022-02-04 21:47:02,609 INFO org.apache.catalina.core.ContainerBase.[Tomcat].[localhost].[/] [localhost-startStop-1] Initializing Spring embedded WebApplicationContext
2022-02-04 21:47:03,467 INFO org.hibernate.jpa.internal.util.LogHelper [main] HHH000204: Processing PersistenceUnitInfo [
	name: default
	...]
2022-02-04 21:47:03,627 INFO org.hibernate.Version [main] HHH000412: Hibernate Core {5.0.11.Final}
2022-02-04 21:47:03,630 INFO org.hibernate.cfg.Environment [main] HHH000206: hibernate.properties not found
2022-02-04 21:47:03,633 INFO org.hibernate.cfg.Environment [main] HHH000021: Bytecode provider name : javassist
2022-02-04 21:47:03,749 INFO org.hibernate.annotations.common.Version [main] HCANN000001: Hibernate Commons Annotations {5.0.1.Final}
2022-02-04 21:47:04,374 INFO org.hibernate.dialect.Dialect [main] HHH000400: Using dialect: org.hibernate.dialect.H2Dialect
2022-02-04 21:47:05,247 INFO org.hibernate.tool.hbm2ddl.SchemaExport [main] HHH000227: Running hbm2ddl schema export
2022-02-04 21:47:05,290 INFO org.hibernate.tool.hbm2ddl.SchemaExport [main] HHH000230: Schema export complete
2022-02-04 21:47:05,825 INFO org.hibernate.hql.internal.QueryTranslatorFactoryInitiator [main] HHH000397: Using ASTQueryTranslatorFactory
2022-02-04 21:47:08,164 INFO com.meme.dronesMS.schedule.checkDronesBatteryLevel [pool-2-thread-1] The drone which serialNumber is {0} its battery capacity is {1} at time {2}
2022-02-04 21:47:08,164 INFO com.meme.dronesMS.schedule.checkDronesBatteryLevel [pool-2-thread-1] The drone which serialNumber is {0} its battery capacity is {1} at time {2}
2022-02-04 21:47:08,165 INFO com.meme.dronesMS.schedule.checkDronesBatteryLevel [pool-2-thread-1] The drone which serialNumber is {0} its battery capacity is {1} at time {2}
2022-02-04 21:47:08,165 INFO com.meme.dronesMS.schedule.checkDronesBatteryLevel [pool-2-thread-1] The drone which serialNumber is {0} its battery capacity is {1} at time {2}
2022-02-04 21:47:08,165 INFO com.meme.dronesMS.schedule.checkDronesBatteryLevel [pool-2-thread-1] The drone which serialNumber is {0} its battery capacity is {1} at time {2}
2022-02-04 21:47:08,165 INFO com.meme.dronesMS.schedule.checkDronesBatteryLevel [pool-2-thread-1] The drone which serialNumber is {0} its battery capacity is {1} at time {2}
2022-02-04 21:47:08,165 INFO com.meme.dronesMS.schedule.checkDronesBatteryLevel [pool-2-thread-1] The drone which serialNumber is {0} its battery capacity is {1} at time {2}
2022-02-04 21:47:08,165 INFO com.meme.dronesMS.schedule.checkDronesBatteryLevel [pool-2-thread-1] The drone which serialNumber is {0} its battery capacity is {1} at time {2}
2022-02-04 21:47:08,165 INFO com.meme.dronesMS.schedule.checkDronesBatteryLevel [pool-2-thread-1] The drone which serialNumber is {0} its battery capacity is {1} at time {2}
2022-02-04 21:47:08,165 INFO com.meme.dronesMS.schedule.checkDronesBatteryLevel [pool-2-thread-1] The drone which serialNumber is {0} its battery capacity is {1} at time {2}
2022-02-04 21:47:08,177 INFO com.meme.dronesMS.DronesMsApplication [main] Started DronesMsApplication in 11.072 seconds (JVM running for 11.72)
